#
# There is insufficient memory for the Java Runtime Environment to continue.
# Native memory allocation (malloc) failed to allocate 1186736 bytes. Error detail: Chunk::new
# Possible reasons:
#   The system is out of physical RAM or swap space
#   This process is running with CompressedOops enabled, and the Java Heap may be blocking the growth of the native heap
# Possible solutions:
#   Reduce memory load on the system
#   Increase physical memory or swap space
#   Check if swap backing store is full
#   Decrease Java heap size (-Xmx/-Xms)
#   Decrease number of Java threads
#   Decrease Java thread stack sizes (-Xss)
#   Set larger code cache with -XX:ReservedCodeCacheSize=
#   JVM is running with Zero Based Compressed Oops mode in which the Java heap is
#     placed in the first 32GB address space. The Java Heap base address is the
#     maximum limit for the native heap growth. Please use -XX:HeapBaseMinAddress
#     to set the Java Heap base and to place the Java Heap above 32GB virtual address.
# This output file may be truncated or incomplete.
#
#  Out of Memory Error (arena.cpp:168), pid=4016, tid=36320
#
# JRE version: OpenJDK Runtime Environment Temurin-21.0.6+7 (21.0.6+7) (build 21.0.6+7-LTS)
# Java VM: OpenJDK 64-Bit Server VM Temurin-21.0.6+7 (21.0.6+7-LTS, mixed mode, sharing, tiered, compressed oops, compressed class ptrs, g1 gc, windows-amd64)
# No core dump will be written. Minidumps are not enabled by default on client versions of Windows
#

---------------  S U M M A R Y ------------

Command Line: -XX:+ShowCodeDetailsInExceptionMessages dev.fredericoAkira.FtoA.FtoAApplication

Host: 11th Gen Intel(R) Core(TM) i5-1135G7 @ 2.40GHz, 8 cores, 15G,  Windows 11 , 64 bit Build 22621 (10.0.22621.4974)
Time: Sun Apr 27 14:20:05 2025 SE Asia Standard Time elapsed time: 8194.533712 seconds (0d 2h 16m 34s)

---------------  T H R E A D  ---------------

Current thread (0x000002496c91e720):  JavaThread "C2 CompilerThread0" daemon [_thread_in_native, id=36320, stack(0x000000ca2c900000,0x000000ca2ca00000) (1024K)]


Current CompileTask:
C2:8194534 28503   !   4       org.springframework.web.servlet.mvc.method.annotation.AbstractMessageConverterMethodArgumentResolver::readWithMessageConverters (671 bytes)

Stack: [0x000000ca2c900000,0x000000ca2ca00000]
Native frames: (J=compiled Java code, j=interpreted, Vv=VM code, C=native code)
V  [jvm.dll+0x6cdee9]
V  [jvm.dll+0x8a83d1]
V  [jvm.dll+0x8aa8fe]
V  [jvm.dll+0x8aafe3]
V  [jvm.dll+0x27f706]
V  [jvm.dll+0xc500d]
V  [jvm.dll+0xc5543]
V  [jvm.dll+0x2f2acd]
V  [jvm.dll+0x5f6a2a]
V  [jvm.dll+0x250bb2]
V  [jvm.dll+0x249526]
V  [jvm.dll+0x246ec4]
V  [jvm.dll+0x1c75ee]
V  [jvm.dll+0x25685a]
V  [jvm.dll+0x254dfa]
V  [jvm.dll+0x3f0256]
V  [jvm.dll+0x851f8b]
V  [jvm.dll+0x6cc5ed]
C  [ucrtbase.dll+0x29333]
C  [KERNEL32.DLL+0x1259d]
C  [ntdll.dll+0x5af38]


---------------  P R O C E S S  ---------------

Threads class SMR info:
_java_thread_list=0x0000024971b64270, length=41, elements={
0x000002496c912280, 0x000002496c9137a0, 0x000002496c919e30, 0x000002496c91b890,
0x000002496c91c2e0, 0x000002496c91cd30, 0x000002496c91e720, 0x000002497100d1e0,
0x0000024971181a30, 0x0000024971185ce0, 0x000002497369e200, 0x0000024971348470,
0x00000249746af040, 0x00000249746a80b0, 0x00000249746a9460, 0x00000249746ae320,
0x00000249746ac8e0, 0x0000024973955180, 0x0000024973956bc0, 0x0000024973955810,
0x0000024973955ea0, 0x0000024973951d00, 0x0000024973952a20, 0x00000249739530b0,
0x0000024973950950, 0x00000249739578e0, 0x0000024973950fe0, 0x00000249746a9af0,
0x00000249746aa180, 0x00000249746aa810, 0x00000249746acf70, 0x00000249746aaea0,
0x00000249746adc90, 0x00000249746ab530, 0x00000249746abbc0, 0x00000249746ae9b0,
0x00000249746af6d0, 0x00000249746a8740, 0x00000249746a8dd0, 0x00000249713463a0,
0x0000024971345680
}

Java Threads: ( => current thread )
  0x000002496c912280 JavaThread "Reference Handler"          daemon [_thread_blocked, id=36140, stack(0x000000ca2c300000,0x000000ca2c400000) (1024K)]
  0x000002496c9137a0 JavaThread "Finalizer"                  daemon [_thread_blocked, id=38992, stack(0x000000ca2c400000,0x000000ca2c500000) (1024K)]
  0x000002496c919e30 JavaThread "Signal Dispatcher"          daemon [_thread_blocked, id=28864, stack(0x000000ca2c500000,0x000000ca2c600000) (1024K)]
  0x000002496c91b890 JavaThread "Attach Listener"            daemon [_thread_blocked, id=44020, stack(0x000000ca2c600000,0x000000ca2c700000) (1024K)]
  0x000002496c91c2e0 JavaThread "Service Thread"             daemon [_thread_blocked, id=22088, stack(0x000000ca2c700000,0x000000ca2c800000) (1024K)]
  0x000002496c91cd30 JavaThread "Monitor Deflation Thread"   daemon [_thread_blocked, id=22792, stack(0x000000ca2c800000,0x000000ca2c900000) (1024K)]
=>0x000002496c91e720 JavaThread "C2 CompilerThread0"         daemon [_thread_in_native, id=36320, stack(0x000000ca2c900000,0x000000ca2ca00000) (1024K)]
  0x000002497100d1e0 JavaThread "C1 CompilerThread0"         daemon [_thread_blocked, id=37348, stack(0x000000ca2ca00000,0x000000ca2cb00000) (1024K)]
  0x0000024971181a30 JavaThread "Notification Thread"        daemon [_thread_blocked, id=40708, stack(0x000000ca2cb00000,0x000000ca2cc00000) (1024K)]
  0x0000024971185ce0 JavaThread "Common-Cleaner"             daemon [_thread_blocked, id=39720, stack(0x000000ca2cc00000,0x000000ca2cd00000) (1024K)]
  0x000002497369e200 JavaThread "BufferPoolPruner-1-thread-1" daemon [_thread_blocked, id=36972, stack(0x000000ca2d700000,0x000000ca2d800000) (1024K)]
  0x0000024971348470 JavaThread "Live Reload Server"         daemon [_thread_in_native, id=41892, stack(0x000000ca2e000000,0x000000ca2e100000) (1024K)]
  0x00000249746af040 JavaThread "DestroyJavaVM"                     [_thread_blocked, id=30176, stack(0x000000ca2bb00000,0x000000ca2bc00000) (1024K)]
  0x00000249746a80b0 JavaThread "File Watcher"               daemon [_thread_blocked, id=16628, stack(0x000000ca2cd00000,0x000000ca2ce00000) (1024K)]
  0x00000249746a9460 JavaThread "File Watcher"               daemon [_thread_blocked, id=38740, stack(0x000000ca2b800000,0x000000ca2b900000) (1024K)]
  0x00000249746ae320 JavaThread "File Watcher"               daemon [_thread_blocked, id=15572, stack(0x000000ca2b900000,0x000000ca2ba00000) (1024K)]
  0x00000249746ac8e0 JavaThread "File Watcher"               daemon [_thread_blocked, id=41604, stack(0x000000ca2ce00000,0x000000ca2cf00000) (1024K)]
  0x0000024973955180 JavaThread "File Watcher"               daemon [_thread_blocked, id=22540, stack(0x000000ca2d800000,0x000000ca2d900000) (1024K)]
  0x0000024973956bc0 JavaThread "File Watcher"               daemon [_thread_blocked, id=30060, stack(0x000000ca2ba00000,0x000000ca2bb00000) (1024K)]
  0x0000024973955810 JavaThread "cluster-ClusterId{value='680dd78fe149015d515d86e3', description='null'}-localhost:27017" daemon [_thread_in_native, id=43452, stack(0x000000ca2dd00000,0x000000ca2de00000) (1024K)]
  0x0000024973955ea0 JavaThread "cluster-rtt-ClusterId{value='680dd78fe149015d515d86e3', description='null'}-localhost:27017" daemon [_thread_blocked, id=42156, stack(0x000000ca2de00000,0x000000ca2df00000) (1024K)]
  0x0000024973951d00 JavaThread "MaintenanceTimer-17-thread-1" daemon [_thread_blocked, id=28284, stack(0x000000ca2df00000,0x000000ca2e000000) (1024K)]
  0x0000024973952a20 JavaThread "Catalina-utility-1"                [_thread_blocked, id=37612, stack(0x000000ca2e100000,0x000000ca2e200000) (1024K)]
  0x00000249739530b0 JavaThread "Catalina-utility-2"                [_thread_blocked, id=26456, stack(0x000000ca2e200000,0x000000ca2e300000) (1024K)]
  0x0000024973950950 JavaThread "container-6"                       [_thread_blocked, id=3684, stack(0x000000ca2e300000,0x000000ca2e400000) (1024K)]
  0x00000249739578e0 JavaThread "File Watcher"               daemon [_thread_blocked, id=20936, stack(0x000000ca2e400000,0x000000ca2e500000) (1024K)]
  0x0000024973950fe0 JavaThread "http-nio-8080-exec-1"       daemon [_thread_in_native, id=38836, stack(0x000000ca2e500000,0x000000ca2e600000) (1024K)]
  0x00000249746a9af0 JavaThread "http-nio-8080-exec-2"       daemon [_thread_in_native, id=28704, stack(0x000000ca2e600000,0x000000ca2e700000) (1024K)]
  0x00000249746aa180 JavaThread "http-nio-8080-exec-3"       daemon [_thread_blocked, id=39348, stack(0x000000ca2e700000,0x000000ca2e800000) (1024K)]
  0x00000249746aa810 JavaThread "http-nio-8080-exec-4"       daemon [_thread_blocked, id=544, stack(0x000000ca2e800000,0x000000ca2e900000) (1024K)]
  0x00000249746acf70 JavaThread "http-nio-8080-exec-5"       daemon [_thread_blocked, id=34548, stack(0x000000ca2e900000,0x000000ca2ea00000) (1024K)]
  0x00000249746aaea0 JavaThread "http-nio-8080-exec-6"       daemon [_thread_blocked, id=7120, stack(0x000000ca2ea00000,0x000000ca2eb00000) (1024K)]
  0x00000249746adc90 JavaThread "http-nio-8080-exec-7"       daemon [_thread_blocked, id=41312, stack(0x000000ca2eb00000,0x000000ca2ec00000) (1024K)]
  0x00000249746ab530 JavaThread "http-nio-8080-exec-8"       daemon [_thread_blocked, id=32980, stack(0x000000ca2ec00000,0x000000ca2ed00000) (1024K)]
  0x00000249746abbc0 JavaThread "http-nio-8080-exec-9"       daemon [_thread_blocked, id=28256, stack(0x000000ca2ed00000,0x000000ca2ee00000) (1024K)]
  0x00000249746ae9b0 JavaThread "http-nio-8080-exec-10"      daemon [_thread_blocked, id=38704, stack(0x000000ca2ee00000,0x000000ca2ef00000) (1024K)]
  0x00000249746af6d0 JavaThread "http-nio-8080-Poller"       daemon [_thread_in_native, id=39048, stack(0x000000ca2ef00000,0x000000ca2f000000) (1024K)]
  0x00000249746a8740 JavaThread "http-nio-8080-Acceptor"     daemon [_thread_in_native, id=41200, stack(0x000000ca2f000000,0x000000ca2f100000) (1024K)]
  0x00000249746a8dd0 JavaThread "scheduling-1"                      [_thread_blocked, id=28436, stack(0x000000ca2f100000,0x000000ca2f200000) (1024K)]
  0x00000249713463a0 JavaThread "http-nio-8080-exec-11"      daemon [_thread_in_native, id=36408, stack(0x000000ca2da00000,0x000000ca2db00000) (1024K)]
  0x0000024971345680 JavaThread "http-nio-8080-exec-12"      daemon [_thread_blocked, id=31844, stack(0x000000ca2db00000,0x000000ca2dc00000) (1024K)]
Total: 41

Other Threads:
  0x000002496c8f8660 VMThread "VM Thread"                           [id=25804, stack(0x000000ca2c200000,0x000000ca2c300000) (1024K)]
  0x000002496c8e7800 WatcherThread "VM Periodic Task Thread"        [id=29892, stack(0x000000ca2c100000,0x000000ca2c200000) (1024K)]
  0x000002494d9a0550 WorkerThread "GC Thread#0"                     [id=21260, stack(0x000000ca2bc00000,0x000000ca2bd00000) (1024K)]
  0x0000024971ce7160 WorkerThread "GC Thread#1"                     [id=40244, stack(0x000000ca2cf00000,0x000000ca2d000000) (1024K)]
  0x0000024971ce7500 WorkerThread "GC Thread#2"                     [id=31760, stack(0x000000ca2d000000,0x000000ca2d100000) (1024K)]
  0x0000024971ce78a0 WorkerThread "GC Thread#3"                     [id=16032, stack(0x000000ca2d100000,0x000000ca2d200000) (1024K)]
  0x0000024971ce8050 WorkerThread "GC Thread#4"                     [id=10908, stack(0x000000ca2d200000,0x000000ca2d300000) (1024K)]
  0x0000024971ce83f0 WorkerThread "GC Thread#5"                     [id=43000, stack(0x000000ca2d300000,0x000000ca2d400000) (1024K)]
  0x0000024972103960 WorkerThread "GC Thread#6"                     [id=17884, stack(0x000000ca2d500000,0x000000ca2d600000) (1024K)]
  0x00000249721703b0 WorkerThread "GC Thread#7"                     [id=20620, stack(0x000000ca2d600000,0x000000ca2d700000) (1024K)]
  0x000002494d9b37b0 ConcurrentGCThread "G1 Main Marker"            [id=39604, stack(0x000000ca2bd00000,0x000000ca2be00000) (1024K)]
  0x000002494d9b40c0 WorkerThread "G1 Conc#0"                       [id=43136, stack(0x000000ca2be00000,0x000000ca2bf00000) (1024K)]
  0x00000249735b1430 WorkerThread "G1 Conc#1"                       [id=20096, stack(0x000000ca2d400000,0x000000ca2d500000) (1024K)]
  0x000002496c7b64d0 ConcurrentGCThread "G1 Refine#0"               [id=13900, stack(0x000000ca2bf00000,0x000000ca2c000000) (1024K)]
  0x000002496c7b7150 ConcurrentGCThread "G1 Service"                [id=34528, stack(0x000000ca2c000000,0x000000ca2c100000) (1024K)]
Total: 15

Threads with active compile tasks:
C2 CompilerThread0  8194592 28503   !   4       org.springframework.web.servlet.mvc.method.annotation.AbstractMessageConverterMethodArgumentResolver::readWithMessageConverters (671 bytes)
Total: 1

VM state: not at safepoint (normal execution)

VM Mutex/Monitor currently owned by a thread: None

Heap address: 0x0000000704e00000, size: 4018 MB, Compressed Oops mode: Zero based, Oop shift amount: 3

CDS archive(s) mapped at: [0x0000024900000000-0x0000024900c80000-0x0000024900c80000), size 13107200, SharedBaseAddress: 0x0000024900000000, ArchiveRelocationMode: 1.
Compressed class space mapped at: 0x0000024901000000-0x0000024941000000, reserved size: 1073741824
Narrow klass base: 0x0000024900000000, Narrow klass shift: 0, Narrow klass range: 0x100000000

GC Precious Log:
 CardTable entry size: 512
 Card Set container configuration: InlinePtr #cards 4 size 8 Array Of Cards #cards 16 size 48 Howl #buckets 8 coarsen threshold 3686 Howl Bitmap #cards 512 size 80 coarsen threshold 460 Card regions per heap region 1 cards per card region 4096
 CPUs: 8 total, 8 available
 Memory: 16065M
 Large Page Support: Disabled
 NUMA Support: Disabled
 Compressed Oops: Enabled (Zero based)
 Heap Region Size: 2M
 Heap Min Capacity: 8M
 Heap Initial Capacity: 252M
 Heap Max Capacity: 4018M
 Pre-touch: Disabled
 Parallel Workers: 8
 Concurrent Workers: 2
 Concurrent Refinement Workers: 8
 Periodic GC: Disabled

Heap:
 garbage-first heap   total 96256K, used 43387K [0x0000000704e00000, 0x0000000800000000)
  region size 2048K, 7 young (14336K), 1 survivors (2048K)
 Metaspace       used 70032K, committed 70976K, reserved 1114112K
  class space    used 8081K, committed 8512K, reserved 1048576K

Heap Regions: E=young(eden), S=young(survivor), O=old, HS=humongous(starts), HC=humongous(continues), CS=collection set, F=free, TAMS=top-at-mark-start, PB=parsable bottom
|   0|0x0000000704e00000, 0x0000000704ffffe8, 0x0000000705000000| 99%| O|  |TAMS 0x0000000704e00000| PB 0x0000000704e00000| Untracked 
|   1|0x0000000705000000, 0x0000000705200000, 0x0000000705200000|100%| O|  |TAMS 0x0000000705000000| PB 0x0000000705000000| Untracked 
|   2|0x0000000705200000, 0x00000007053ffff0, 0x0000000705400000| 99%| O|  |TAMS 0x0000000705200000| PB 0x0000000705200000| Untracked 
|   3|0x0000000705400000, 0x0000000705600000, 0x0000000705600000|100%| O|  |TAMS 0x0000000705400000| PB 0x0000000705400000| Untracked 
|   4|0x0000000705600000, 0x00000007057ffff0, 0x0000000705800000| 99%| O|  |TAMS 0x0000000705600000| PB 0x0000000705600000| Untracked 
|   5|0x0000000705800000, 0x00000007059fffc8, 0x0000000705a00000| 99%| O|  |TAMS 0x0000000705800000| PB 0x0000000705800000| Untracked 
|   6|0x0000000705a00000, 0x0000000705bfffc8, 0x0000000705c00000| 99%| O|  |TAMS 0x0000000705a00000| PB 0x0000000705a00000| Untracked 
|   7|0x0000000705c00000, 0x0000000705df3128, 0x0000000705e00000| 97%| O|  |TAMS 0x0000000705c00000| PB 0x0000000705c00000| Untracked 
|   8|0x0000000705e00000, 0x0000000705ffffc8, 0x0000000706000000| 99%| O|  |TAMS 0x0000000705e00000| PB 0x0000000705e00000| Untracked 
|   9|0x0000000706000000, 0x00000007061ffff8, 0x0000000706200000| 99%| O|  |TAMS 0x0000000706000000| PB 0x0000000706000000| Untracked 
|  10|0x0000000706200000, 0x00000007063f0a18, 0x0000000706400000| 96%| O|  |TAMS 0x0000000706200000| PB 0x0000000706200000| Untracked 
|  11|0x0000000706400000, 0x00000007065ffff0, 0x0000000706600000| 99%| O|  |TAMS 0x0000000706400000| PB 0x0000000706400000| Untracked 
|  12|0x0000000706600000, 0x0000000706800000, 0x0000000706800000|100%| O|  |TAMS 0x0000000706600000| PB 0x0000000706600000| Untracked 
|  13|0x0000000706800000, 0x0000000706a00000, 0x0000000706a00000|100%| O|  |TAMS 0x0000000706800000| PB 0x0000000706800000| Untracked 
|  14|0x0000000706a00000, 0x0000000706a00000, 0x0000000706c00000|  0%| F|  |TAMS 0x0000000706a00000| PB 0x0000000706a00000| Untracked 
|  15|0x0000000706c00000, 0x0000000706de20d0, 0x0000000706e00000| 94%| O|  |TAMS 0x0000000706c00000| PB 0x0000000706c00000| Untracked 
|  16|0x0000000706e00000, 0x0000000707000000, 0x0000000707000000|100%| O|  |TAMS 0x0000000706e00000| PB 0x0000000706e00000| Untracked 
|  17|0x0000000707000000, 0x0000000707000000, 0x0000000707200000|  0%| F|  |TAMS 0x0000000707000000| PB 0x0000000707000000| Untracked 
|  18|0x0000000707200000, 0x0000000707200000, 0x0000000707400000|  0%| F|  |TAMS 0x0000000707200000| PB 0x0000000707200000| Untracked 
|  19|0x0000000707400000, 0x0000000707499250, 0x0000000707600000| 29%| S|CS|TAMS 0x0000000707400000| PB 0x0000000707400000| Complete 
|  20|0x0000000707600000, 0x0000000707600000, 0x0000000707800000|  0%| F|  |TAMS 0x0000000707600000| PB 0x0000000707600000| Untracked 
|  21|0x0000000707800000, 0x0000000707800000, 0x0000000707a00000|  0%| F|  |TAMS 0x0000000707800000| PB 0x0000000707800000| Untracked 
|  22|0x0000000707a00000, 0x0000000707a00000, 0x0000000707c00000|  0%| F|  |TAMS 0x0000000707a00000| PB 0x0000000707a00000| Untracked 
|  23|0x0000000707c00000, 0x0000000707c00000, 0x0000000707e00000|  0%| F|  |TAMS 0x0000000707c00000| PB 0x0000000707c00000| Untracked 
|  24|0x0000000707e00000, 0x0000000707e00000, 0x0000000708000000|  0%| F|  |TAMS 0x0000000707e00000| PB 0x0000000707e00000| Untracked 
|  25|0x0000000708000000, 0x0000000708000000, 0x0000000708200000|  0%| F|  |TAMS 0x0000000708000000| PB 0x0000000708000000| Untracked 
|  26|0x0000000708200000, 0x0000000708200000, 0x0000000708400000|  0%| F|  |TAMS 0x0000000708200000| PB 0x0000000708200000| Untracked 
|  27|0x0000000708400000, 0x0000000708400000, 0x0000000708600000|  0%| F|  |TAMS 0x0000000708400000| PB 0x0000000708400000| Untracked 
|  28|0x0000000708600000, 0x0000000708600000, 0x0000000708800000|  0%| F|  |TAMS 0x0000000708600000| PB 0x0000000708600000| Untracked 
|  29|0x0000000708800000, 0x0000000708800000, 0x0000000708a00000|  0%| F|  |TAMS 0x0000000708800000| PB 0x0000000708800000| Untracked 
|  30|0x0000000708a00000, 0x0000000708a00000, 0x0000000708c00000|  0%| F|  |TAMS 0x0000000708a00000| PB 0x0000000708a00000| Untracked 
|  31|0x0000000708c00000, 0x0000000708c00000, 0x0000000708e00000|  0%| F|  |TAMS 0x0000000708c00000| PB 0x0000000708c00000| Untracked 
|  32|0x0000000708e00000, 0x0000000708e00000, 0x0000000709000000|  0%| F|  |TAMS 0x0000000708e00000| PB 0x0000000708e00000| Untracked 
|  33|0x0000000709000000, 0x0000000709000000, 0x0000000709200000|  0%| F|  |TAMS 0x0000000709000000| PB 0x0000000709000000| Untracked 
|  34|0x0000000709200000, 0x0000000709200000, 0x0000000709400000|  0%| F|  |TAMS 0x0000000709200000| PB 0x0000000709200000| Untracked 
|  35|0x0000000709400000, 0x0000000709400000, 0x0000000709600000|  0%| F|  |TAMS 0x0000000709400000| PB 0x0000000709400000| Untracked 
|  36|0x0000000709600000, 0x0000000709600000, 0x0000000709800000|  0%| F|  |TAMS 0x0000000709600000| PB 0x0000000709600000| Untracked 
|  37|0x0000000709800000, 0x0000000709800000, 0x0000000709a00000|  0%| F|  |TAMS 0x0000000709800000| PB 0x0000000709800000| Untracked 
|  38|0x0000000709a00000, 0x0000000709a00000, 0x0000000709c00000|  0%| F|  |TAMS 0x0000000709a00000| PB 0x0000000709a00000| Untracked 
|  39|0x0000000709c00000, 0x0000000709c00000, 0x0000000709e00000|  0%| F|  |TAMS 0x0000000709c00000| PB 0x0000000709c00000| Untracked 
|  40|0x0000000709e00000, 0x0000000709e00000, 0x000000070a000000|  0%| F|  |TAMS 0x0000000709e00000| PB 0x0000000709e00000| Untracked 
|  41|0x000000070a000000, 0x000000070a0c4ec0, 0x000000070a200000| 38%| E|  |TAMS 0x000000070a000000| PB 0x000000070a000000| Complete 
|  42|0x000000070a200000, 0x000000070a400000, 0x000000070a400000|100%| E|CS|TAMS 0x000000070a200000| PB 0x000000070a200000| Complete 
|  43|0x000000070a400000, 0x000000070a600000, 0x000000070a600000|100%| E|CS|TAMS 0x000000070a400000| PB 0x000000070a400000| Complete 
|  44|0x000000070a600000, 0x000000070a800000, 0x000000070a800000|100%| E|CS|TAMS 0x000000070a600000| PB 0x000000070a600000| Complete 
|  45|0x000000070a800000, 0x000000070aa00000, 0x000000070aa00000|100%| E|CS|TAMS 0x000000070a800000| PB 0x000000070a800000| Complete 
|  46|0x000000070aa00000, 0x000000070ac00000, 0x000000070ac00000|100%| E|CS|TAMS 0x000000070aa00000| PB 0x000000070aa00000| Complete 

Card table byte_map: [0x0000024965b20000,0x0000024966300000] _byte_map_base: 0x00000249622f9000

Marking Bits: (CMBitMap*) 0x000002494d9a2a70
 Bits: [0x0000024966300000, 0x000002496a1c8000)

Polling page: 0x000002494b910000

Metaspace:

Usage:
  Non-class:     60.50 MB used.
      Class:      7.89 MB used.
       Both:     68.39 MB used.

Virtual space:
  Non-class space:       64.00 MB reserved,      61.00 MB ( 95%) committed,  1 nodes.
      Class space:        1.00 GB reserved,       8.31 MB ( <1%) committed,  1 nodes.
             Both:        1.06 GB reserved,      69.31 MB (  6%) committed. 

Chunk freelists:
   Non-Class:  2.34 MB
       Class:  7.60 MB
        Both:  9.94 MB

MaxMetaspaceSize: unlimited
CompressedClassSpaceSize: 1.00 GB
Initial GC threshold: 21.00 MB
Current GC threshold: 115.31 MB
CDS: on
 - commit_granule_bytes: 65536.
 - commit_granule_words: 8192.
 - virtual_space_node_default_size: 8388608.
 - enlarge_chunks_in_place: 1.
 - use_allocation_guard: 0.


Internal statistics:

num_allocs_failed_limit: 6.
num_arena_births: 1388.
num_arena_deaths: 308.
num_vsnodes_births: 2.
num_vsnodes_deaths: 0.
num_space_committed: 1109.
num_space_uncommitted: 0.
num_chunks_returned_to_freelist: 375.
num_chunks_taken_from_freelist: 4663.
num_chunk_merges: 71.
num_chunk_splits: 2813.
num_chunks_enlarged: 1924.
num_inconsistent_stats: 0.

CodeHeap 'non-profiled nmethods': size=120000Kb used=7178Kb max_used=8903Kb free=112821Kb
 bounds [0x000002495dae0000, 0x000002495e3b0000, 0x0000024965010000]
CodeHeap 'profiled nmethods': size=120000Kb used=7921Kb max_used=21576Kb free=112078Kb
 bounds [0x0000024956010000, 0x0000024957550000, 0x000002495d540000]
CodeHeap 'non-nmethods': size=5760Kb used=1796Kb max_used=1866Kb free=3964Kb
 bounds [0x000002495d540000, 0x000002495d7b0000, 0x000002495dae0000]
 total_blobs=4316 nmethods=3662 adapters=557
 compilation: enabled
              stopped_count=0, restarted_count=0
 full_count=0

Compilation events (20 events):
Event: 8193.943 Thread 0x000002496c91e720 nmethod 28495 0x000002495ddbe210 code [0x000002495ddbe3c0, 0x000002495ddbe540]
Event: 8193.943 Thread 0x000002496c91e720 28496   !   4       sun.nio.cs.US_ASCII$Encoder::encodeArrayLoop (400 bytes)
Event: 8193.948 Thread 0x000002496c91e720 nmethod 28496 0x000002495de5e610 code [0x000002495de5e7e0, 0x000002495de5ece0]
Event: 8193.969 Thread 0x000002496c91e720 28497       4       java.util.concurrent.ConcurrentLinkedDeque::unlink (335 bytes)
Event: 8193.999 Thread 0x000002496c91e720 nmethod 28497 0x000002495dcc8c90 code [0x000002495dcc8ec0, 0x000002495dcc9c80]
Event: 8193.999 Thread 0x000002496c91e720 28498       4       java.lang.invoke.LambdaForm$DMH/0x0000024901780c00::newInvokeSpecial (27 bytes)
Event: 8194.001 Thread 0x000002496c91e720 nmethod 28498 0x000002495e055590 code [0x000002495e055720, 0x000002495e055838]
Event: 8194.015 Thread 0x000002496c91e720 28499       4       dev.fredericoAkira.FtoA.DTO.LovDTO.LovDTO::toString (22 bytes)
Event: 8194.042 Thread 0x000002496c91e720 nmethod 28499 0x000002495dedb890 code [0x000002495dedbae0, 0x000002495dedcf80]
Event: 8194.176 Thread 0x000002497100d1e0 28500       3       org.springframework.http.HttpHeaders::tokenizeQuoted (211 bytes)
Event: 8194.180 Thread 0x000002497100d1e0 nmethod 28500 0x00000249568e2910 code [0x00000249568e2e00, 0x00000249568e5af8]
Event: 8194.180 Thread 0x000002496c91e720 28501       4       org.springframework.web.method.HandlerMethod::<init> (127 bytes)
Event: 8194.193 Thread 0x000002496c91e720 nmethod 28501 0x000002495db4ba10 code [0x000002495db4bc00, 0x000002495db4c8a0]
Event: 8194.193 Thread 0x000002496c91e720 28502       4       org.springframework.core.annotation.AnnotatedMethod::<init> (43 bytes)
Event: 8194.198 Thread 0x000002496c91e720 nmethod 28502 0x000002495dd85490 code [0x000002495dd85620, 0x000002495dd85a78]
Event: 8194.291 Thread 0x000002496c91e720 28503   !   4       org.springframework.web.servlet.mvc.method.annotation.AbstractMessageConverterMethodArgumentResolver::readWithMessageConverters (671 bytes)
Event: 8194.361 Thread 0x000002497100d1e0 28505       3       org.apache.tomcat.util.buf.UDecoder::convert (434 bytes)
Event: 8194.362 Thread 0x000002497100d1e0 nmethod 28505 0x0000024956070e90 code [0x0000024956071140, 0x00000249560720b8]
Event: 8194.439 Thread 0x000002497100d1e0 28508       2       jdk.internal.util.ArraysSupport::mismatch (103 bytes)
Event: 8194.439 Thread 0x000002497100d1e0 nmethod 28508 0x0000024956028f90 code [0x0000024956029160, 0x0000024956029478]

GC Heap History (20 events):
Event: 8174.756 GC heap before
{Heap before GC invocations=139 (full 9):
 garbage-first heap   total 96256K, used 86083K [0x0000000704e00000, 0x0000000800000000)
  region size 2048K, 27 young (55296K), 1 survivors (2048K)
 Metaspace       used 70018K, committed 70912K, reserved 1114112K
  class space    used 8078K, committed 8512K, reserved 1048576K
}
Event: 8174.758 GC heap after
{Heap after GC invocations=140 (full 9):
 garbage-first heap   total 96256K, used 33284K [0x0000000704e00000, 0x0000000800000000)
  region size 2048K, 1 young (2048K), 1 survivors (2048K)
 Metaspace       used 70018K, committed 70912K, reserved 1114112K
  class space    used 8078K, committed 8512K, reserved 1048576K
}
Event: 8178.159 GC heap before
{Heap before GC invocations=141 (full 9):
 garbage-first heap   total 96256K, used 84484K [0x0000000704e00000, 0x0000000800000000)
  region size 2048K, 27 young (55296K), 1 survivors (2048K)
 Metaspace       used 70019K, committed 70912K, reserved 1114112K
  class space    used 8078K, committed 8512K, reserved 1048576K
}
Event: 8178.161 GC heap after
{Heap after GC invocations=142 (full 9):
 garbage-first heap   total 96256K, used 33339K [0x0000000704e00000, 0x0000000800000000)
  region size 2048K, 1 young (2048K), 1 survivors (2048K)
 Metaspace       used 70019K, committed 70912K, reserved 1114112K
  class space    used 8078K, committed 8512K, reserved 1048576K
}
Event: 8181.156 GC heap before
{Heap before GC invocations=142 (full 9):
 garbage-first heap   total 96256K, used 86587K [0x0000000704e00000, 0x0000000800000000)
  region size 2048K, 27 young (55296K), 1 survivors (2048K)
 Metaspace       used 70020K, committed 70912K, reserved 1114112K
  class space    used 8078K, committed 8512K, reserved 1048576K
}
Event: 8181.157 GC heap after
{Heap after GC invocations=143 (full 9):
 garbage-first heap   total 96256K, used 33383K [0x0000000704e00000, 0x0000000800000000)
  region size 2048K, 1 young (2048K), 1 survivors (2048K)
 Metaspace       used 70020K, committed 70912K, reserved 1114112K
  class space    used 8078K, committed 8512K, reserved 1048576K
}
Event: 8183.494 GC heap before
{Heap before GC invocations=144 (full 9):
 garbage-first heap   total 96256K, used 84583K [0x0000000704e00000, 0x0000000800000000)
  region size 2048K, 27 young (55296K), 1 survivors (2048K)
 Metaspace       used 70024K, committed 70912K, reserved 1114112K
  class space    used 8079K, committed 8512K, reserved 1048576K
}
Event: 8183.496 GC heap after
{Heap after GC invocations=145 (full 9):
 garbage-first heap   total 96256K, used 33393K [0x0000000704e00000, 0x0000000800000000)
  region size 2048K, 1 young (2048K), 1 survivors (2048K)
 Metaspace       used 70024K, committed 70912K, reserved 1114112K
  class space    used 8079K, committed 8512K, reserved 1048576K
}
Event: 8186.540 GC heap before
{Heap before GC invocations=145 (full 9):
 garbage-first heap   total 96256K, used 86641K [0x0000000704e00000, 0x0000000800000000)
  region size 2048K, 27 young (55296K), 1 survivors (2048K)
 Metaspace       used 70025K, committed 70912K, reserved 1114112K
  class space    used 8080K, committed 8512K, reserved 1048576K
}
Event: 8186.542 GC heap after
{Heap after GC invocations=146 (full 9):
 garbage-first heap   total 96256K, used 33352K [0x0000000704e00000, 0x0000000800000000)
  region size 2048K, 1 young (2048K), 1 survivors (2048K)
 Metaspace       used 70025K, committed 70912K, reserved 1114112K
  class space    used 8080K, committed 8512K, reserved 1048576K
}
Event: 8188.236 GC heap before
{Heap before GC invocations=147 (full 9):
 garbage-first heap   total 96256K, used 84552K [0x0000000704e00000, 0x0000000800000000)
  region size 2048K, 26 young (53248K), 1 survivors (2048K)
 Metaspace       used 70025K, committed 70912K, reserved 1114112K
  class space    used 8080K, committed 8512K, reserved 1048576K
}
Event: 8188.238 GC heap after
{Heap after GC invocations=148 (full 9):
 garbage-first heap   total 96256K, used 33354K [0x0000000704e00000, 0x0000000800000000)
  region size 2048K, 1 young (2048K), 1 survivors (2048K)
 Metaspace       used 70025K, committed 70912K, reserved 1114112K
  class space    used 8080K, committed 8512K, reserved 1048576K
}
Event: 8189.636 GC heap before
{Heap before GC invocations=148 (full 9):
 garbage-first heap   total 96256K, used 82506K [0x0000000704e00000, 0x0000000800000000)
  region size 2048K, 26 young (53248K), 1 survivors (2048K)
 Metaspace       used 70029K, committed 70976K, reserved 1114112K
  class space    used 8080K, committed 8512K, reserved 1048576K
}
Event: 8189.639 GC heap after
{Heap after GC invocations=149 (full 9):
 garbage-first heap   total 96256K, used 33092K [0x0000000704e00000, 0x0000000800000000)
  region size 2048K, 1 young (2048K), 1 survivors (2048K)
 Metaspace       used 70029K, committed 70976K, reserved 1114112K
  class space    used 8080K, committed 8512K, reserved 1048576K
}
Event: 8191.311 GC heap before
{Heap before GC invocations=149 (full 9):
 garbage-first heap   total 96256K, used 84292K [0x0000000704e00000, 0x0000000800000000)
  region size 2048K, 27 young (55296K), 1 survivors (2048K)
 Metaspace       used 70029K, committed 70976K, reserved 1114112K
  class space    used 8080K, committed 8512K, reserved 1048576K
}
Event: 8191.312 GC heap after
{Heap after GC invocations=150 (full 9):
 garbage-first heap   total 96256K, used 33106K [0x0000000704e00000, 0x0000000800000000)
  region size 2048K, 1 young (2048K), 1 survivors (2048K)
 Metaspace       used 70029K, committed 70976K, reserved 1114112K
  class space    used 8080K, committed 8512K, reserved 1048576K
}
Event: 8192.903 GC heap before
{Heap before GC invocations=151 (full 9):
 garbage-first heap   total 96256K, used 84306K [0x0000000704e00000, 0x0000000800000000)
  region size 2048K, 27 young (55296K), 1 survivors (2048K)
 Metaspace       used 70030K, committed 70976K, reserved 1114112K
  class space    used 8081K, committed 8512K, reserved 1048576K
}
Event: 8192.905 GC heap after
{Heap after GC invocations=152 (full 9):
 garbage-first heap   total 96256K, used 33247K [0x0000000704e00000, 0x0000000800000000)
  region size 2048K, 1 young (2048K), 1 survivors (2048K)
 Metaspace       used 70030K, committed 70976K, reserved 1114112K
  class space    used 8081K, committed 8512K, reserved 1048576K
}
Event: 8194.286 GC heap before
{Heap before GC invocations=152 (full 9):
 garbage-first heap   total 96256K, used 86495K [0x0000000704e00000, 0x0000000800000000)
  region size 2048K, 27 young (55296K), 1 survivors (2048K)
 Metaspace       used 70032K, committed 70976K, reserved 1114112K
  class space    used 8081K, committed 8512K, reserved 1048576K
}
Event: 8194.287 GC heap after
{Heap after GC invocations=153 (full 9):
 garbage-first heap   total 96256K, used 33147K [0x0000000704e00000, 0x0000000800000000)
  region size 2048K, 1 young (2048K), 1 survivors (2048K)
 Metaspace       used 70032K, committed 70976K, reserved 1114112K
  class space    used 8081K, committed 8512K, reserved 1048576K
}

Dll operation events (11 events):
Event: 0.032 Loaded shared library C:\Users\ASUS\AppData\Roaming\Code\User\globalStorage\pleiades.java-extension-pack-jdk\java\21\bin\java.dll
Event: 0.145 Loaded shared library C:\Users\ASUS\AppData\Roaming\Code\User\globalStorage\pleiades.java-extension-pack-jdk\java\21\bin\jsvml.dll
Event: 0.279 Loaded shared library C:\Users\ASUS\AppData\Roaming\Code\User\globalStorage\pleiades.java-extension-pack-jdk\java\21\bin\net.dll
Event: 0.283 Loaded shared library C:\Users\ASUS\AppData\Roaming\Code\User\globalStorage\pleiades.java-extension-pack-jdk\java\21\bin\nio.dll
Event: 0.287 Loaded shared library C:\Users\ASUS\AppData\Roaming\Code\User\globalStorage\pleiades.java-extension-pack-jdk\java\21\bin\zip.dll
Event: 0.403 Loaded shared library C:\Users\ASUS\AppData\Roaming\Code\User\globalStorage\pleiades.java-extension-pack-jdk\java\21\bin\jimage.dll
Event: 0.833 Loaded shared library C:\Users\ASUS\AppData\Roaming\Code\User\globalStorage\pleiades.java-extension-pack-jdk\java\21\bin\management.dll
Event: 0.839 Loaded shared library C:\Users\ASUS\AppData\Roaming\Code\User\globalStorage\pleiades.java-extension-pack-jdk\java\21\bin\management_ext.dll
Event: 2.171 Loaded shared library C:\Users\ASUS\AppData\Roaming\Code\User\globalStorage\pleiades.java-extension-pack-jdk\java\21\bin\sunmscapi.dll
Event: 5.082 Loaded shared library C:\Users\ASUS\AppData\Roaming\Code\User\globalStorage\pleiades.java-extension-pack-jdk\java\21\bin\extnet.dll
Event: 24.442 Loaded shared library C:\Users\ASUS\AppData\Roaming\Code\User\globalStorage\pleiades.java-extension-pack-jdk\java\21\bin\verify.dll

Deoptimization events (20 events):
Event: 8166.028 Thread 0x00000249746acf70 DEOPT PACKING pc=0x000002495deb534c sp=0x000000ca2e9fe930
Event: 8166.028 Thread 0x00000249746acf70 DEOPT UNPACKING pc=0x000002495d597da2 sp=0x000000ca2e9fe7f0 mode 2
Event: 8170.351 Thread 0x00000249746adc90 Uncommon trap: trap_request=0xffffff45 fr.pc=0x000002495e38e64c relative=0x0000000000000c6c
Event: 8170.351 Thread 0x00000249746adc90 Uncommon trap: reason=unstable_if action=reinterpret pc=0x000002495e38e64c method=java.util.concurrent.ConcurrentLinkedDeque.unlink(Ljava/util/concurrent/ConcurrentLinkedDeque$Node;)V @ 151 c2
Event: 8170.352 Thread 0x00000249746adc90 DEOPT PACKING pc=0x000002495e38e64c sp=0x000000ca2ebf8830
Event: 8170.353 Thread 0x00000249746adc90 DEOPT UNPACKING pc=0x000002495d597da2 sp=0x000000ca2ebf87d0 mode 2
Event: 8175.444 Thread 0x0000024973950fe0 DEOPT PACKING pc=0x000002495682188a sp=0x000000ca2e5febe0
Event: 8175.444 Thread 0x0000024973950fe0 DEOPT UNPACKING pc=0x000002495d5988e2 sp=0x000000ca2e5fe0a8 mode 0
Event: 8182.737 Thread 0x00000249746aa180 DEOPT PACKING pc=0x000002495691cd0a sp=0x000000ca2e7fea00
Event: 8182.738 Thread 0x00000249746aa180 DEOPT UNPACKING pc=0x000002495d5988e2 sp=0x000000ca2e7fde88 mode 0
Event: 8188.719 Thread 0x00000249746aa810 Uncommon trap: trap_request=0xffffff45 fr.pc=0x000002495de1d75c relative=0x0000000000000b9c
Event: 8188.719 Thread 0x00000249746aa810 Uncommon trap: reason=unstable_if action=reinterpret pc=0x000002495de1d75c method=java.util.concurrent.ConcurrentLinkedDeque.unlinkLast(Ljava/util/concurrent/ConcurrentLinkedDeque$Node;Ljava/util/concurrent/ConcurrentLinkedDeque$Node;)V @ 61 c2
Event: 8188.719 Thread 0x00000249746aa810 DEOPT PACKING pc=0x000002495de1d75c sp=0x000000ca2e8fb990
Event: 8188.739 Thread 0x00000249746aa810 DEOPT UNPACKING pc=0x000002495d597da2 sp=0x000000ca2e8fb8b0 mode 2
Event: 8189.105 Thread 0x00000249746aa810 Uncommon trap: trap_request=0xffffff45 fr.pc=0x000002495df67ccc relative=0x0000000000000ecc
Event: 8189.105 Thread 0x00000249746aa810 Uncommon trap: reason=unstable_if action=reinterpret pc=0x000002495df67ccc method=java.util.concurrent.ConcurrentLinkedDeque.pollLast()Ljava/lang/Object; @ 20 c2
Event: 8189.105 Thread 0x00000249746aa810 DEOPT PACKING pc=0x000002495df67ccc sp=0x000000ca2e8fba20
Event: 8189.105 Thread 0x00000249746aa810 DEOPT UNPACKING pc=0x000002495d597da2 sp=0x000000ca2e8fb7a8 mode 2
Event: 8194.361 Thread 0x0000024971345680 DEOPT PACKING pc=0x0000024956212804 sp=0x000000ca2dbfeab0
Event: 8194.361 Thread 0x0000024971345680 DEOPT UNPACKING pc=0x000002495d5988e2 sp=0x000000ca2dbfded0 mode 0

Classes loaded (20 events):
Event: 608.807 Loading class sun/net/ConnectionResetException
Event: 608.807 Loading class sun/net/ConnectionResetException done
Event: 608.808 Loading class java/nio/channels/ClosedByInterruptException
Event: 608.808 Loading class java/nio/channels/AsynchronousCloseException
Event: 608.808 Loading class java/nio/channels/AsynchronousCloseException done
Event: 608.809 Loading class java/nio/channels/ClosedByInterruptException done
Event: 608.869 Loading class java/lang/ref/Finalizer$2
Event: 608.870 Loading class java/lang/ref/Finalizer$2 done
Event: 608.870 Loading class java/lang/ref/Finalizer$1
Event: 608.870 Loading class java/lang/ref/Finalizer$1 done
Event: 611.012 Loading class java/lang/invoke/WrongMethodTypeException
Event: 611.013 Loading class java/lang/invoke/WrongMethodTypeException done
Event: 2785.809 Loading class java/lang/invoke/MethodHandleImpl$CountingWrapper$1
Event: 2785.810 Loading class java/lang/invoke/MethodHandleImpl$CountingWrapper$1 done
Event: 3349.317 Loading class sun/nio/cs/ISO_8859_1$Encoder
Event: 3349.323 Loading class sun/nio/cs/ISO_8859_1$Encoder done
Event: 6388.313 Loading class jdk/internal/access/JavaAWTAccess
Event: 6388.316 Loading class jdk/internal/access/JavaAWTAccess done
Event: 8163.303 Loading class sun/util/locale/LocaleExtensions
Event: 8163.306 Loading class sun/util/locale/LocaleExtensions done

Classes unloaded (20 events):
Event: 7023.373 Thread 0x000002496c8f8660 Unloading class 0x000002490135d000 'org/apache/catalina/loader/JdbcLeakPrevention'
Event: 7318.980 Thread 0x000002496c8f8660 Unloading class 0x000002490135d000 'org/apache/catalina/loader/JdbcLeakPrevention'
Event: 7319.579 Thread 0x000002496c8f8660 Unloading class 0x0000024901582400 'java/lang/invoke/LambdaForm$MH+0x0000024901582400'
Event: 7319.579 Thread 0x000002496c8f8660 Unloading class 0x0000024901450800 'java/lang/invoke/LambdaForm$MH+0x0000024901450800'
Event: 7319.579 Thread 0x000002496c8f8660 Unloading class 0x0000024901480800 'java/lang/invoke/LambdaForm$MH+0x0000024901480800'
Event: 7319.579 Thread 0x000002496c8f8660 Unloading class 0x0000024901544400 'java/lang/invoke/LambdaForm$MH+0x0000024901544400'
Event: 7319.579 Thread 0x000002496c8f8660 Unloading class 0x0000024901544800 'java/lang/invoke/LambdaForm$MH+0x0000024901544800'
Event: 7319.579 Thread 0x000002496c8f8660 Unloading class 0x0000024901545400 'java/lang/invoke/LambdaForm$MH+0x0000024901545400'
Event: 7319.579 Thread 0x000002496c8f8660 Unloading class 0x0000024901600800 'java/lang/invoke/LambdaForm$MH+0x0000024901600800'
Event: 7319.579 Thread 0x000002496c8f8660 Unloading class 0x0000024901611c00 'java/lang/invoke/LambdaForm$MH+0x0000024901611c00'
Event: 7319.579 Thread 0x000002496c8f8660 Unloading class 0x0000024901612400 'java/lang/invoke/LambdaForm$MH+0x0000024901612400'
Event: 7319.579 Thread 0x000002496c8f8660 Unloading class 0x0000024901620000 'java/lang/invoke/LambdaForm$MH+0x0000024901620000'
Event: 7319.579 Thread 0x000002496c8f8660 Unloading class 0x0000024901711000 'java/lang/invoke/LambdaForm$MH+0x0000024901711000'
Event: 7319.579 Thread 0x000002496c8f8660 Unloading class 0x0000024901712400 'java/lang/invoke/LambdaForm$MH+0x0000024901712400'
Event: 7319.579 Thread 0x000002496c8f8660 Unloading class 0x0000024901788400 'java/lang/invoke/LambdaForm$MH+0x0000024901788400'
Event: 7319.579 Thread 0x000002496c8f8660 Unloading class 0x0000024901788000 'java/lang/invoke/LambdaForm$MH+0x0000024901788000'
Event: 7404.389 Thread 0x000002496c8f8660 Unloading class 0x0000024901829000 'org/apache/catalina/loader/JdbcLeakPrevention'
Event: 7555.382 Thread 0x000002496c8f8660 Unloading class 0x0000024901712400 'org/apache/catalina/loader/JdbcLeakPrevention'
Event: 7555.382 Thread 0x000002496c8f8660 Unloading class 0x000002490178a800 'java/lang/invoke/LambdaForm$MH+0x000002490178a800'
Event: 7555.382 Thread 0x000002496c8f8660 Unloading class 0x0000024901788800 'java/lang/invoke/LambdaForm$MH+0x0000024901788800'

Classes redefined (0 events):
No events

Internal exceptions (20 events):
Event: 7318.966 Thread 0x0000024973950950 Exception <a 'java/lang/InterruptedException'{0x00000007095dc638}: sleep interrupted> (0x00000007095dc638) 
thrown [s\src\hotspot\share\prims\jvm.cpp, line 3074]
Event: 7319.025 Thread 0x00000249746a9af0 Exception <a 'sun/nio/fs/WindowsException'{0x000000070aa8e0d8}> (0x000000070aa8e0d8) 
thrown [s\src\hotspot\share\prims\jni.cpp, line 520]
Event: 7319.286 Thread 0x00000249746a9af0 Exception <a 'java/lang/NoClassDefFoundError'{0x0000000708f80568}: org/flywaydb/core/Flyway> (0x0000000708f80568) 
thrown [s\src\hotspot\share\oops\constantPool.cpp, line 873]
Event: 7319.286 Thread 0x00000249746a9af0 Exception <a 'java/lang/NoClassDefFoundError'{0x0000000708f80bc8}: liquibase/integration/spring/SpringLiquibase> (0x0000000708f80bc8) 
thrown [s\src\hotspot\share\oops\constantPool.cpp, line 873]
Event: 7319.334 Thread 0x00000249746a9af0 Exception <a 'java/io/FileNotFoundException'{0x000000070890e7b8}> (0x000000070890e7b8) 
thrown [s\src\hotspot\share\prims\jni.cpp, line 520]
Event: 7319.363 Thread 0x00000249746a9af0 Exception <a 'sun/nio/fs/WindowsException'{0x00000007087b11b8}> (0x00000007087b11b8) 
thrown [s\src\hotspot\share\prims\jni.cpp, line 520]
Event: 7319.363 Thread 0x00000249746a9af0 Exception <a 'sun/nio/fs/WindowsException'{0x00000007087bf7a0}> (0x00000007087bf7a0) 
thrown [s\src\hotspot\share\prims\jni.cpp, line 520]
Event: 7319.366 Thread 0x00000249746a9af0 Exception <a 'sun/nio/fs/WindowsException'{0x00000007087ced30}> (0x00000007087ced30) 
thrown [s\src\hotspot\share\prims\jni.cpp, line 520]
Event: 7319.452 Thread 0x00000249746a9af0 Exception <a 'java/io/FileNotFoundException'{0x0000000707f85430}> (0x0000000707f85430) 
thrown [s\src\hotspot\share\prims\jni.cpp, line 520]
Event: 7404.362 Thread 0x00000249746a8dd0 Exception <a 'java/io/IOException'{0x0000000708c43c70}> (0x0000000708c43c70) 
thrown [s\src\hotspot\share\prims\jni.cpp, line 520]
Event: 7404.363 Thread 0x00000249746adc90 Exception <a 'java/lang/InterruptedException'{0x0000000709569098}: sleep interrupted> (0x0000000709569098) 
thrown [s\src\hotspot\share\prims\jvm.cpp, line 3074]
Event: 7404.365 Thread 0x00000249746aa810 Exception <a 'java/lang/InterruptedException'{0x000000070891d470}: sleep interrupted> (0x000000070891d470) 
thrown [s\src\hotspot\share\prims\jvm.cpp, line 3074]
Event: 7404.456 Thread 0x0000024973953dd0 Exception <a 'sun/nio/fs/WindowsException'{0x000000070aa8f708}> (0x000000070aa8f708) 
thrown [s\src\hotspot\share\prims\jni.cpp, line 520]
Event: 7404.770 Thread 0x0000024973953dd0 Exception <a 'java/lang/NoClassDefFoundError'{0x0000000708f9dab8}: org/flywaydb/core/Flyway> (0x0000000708f9dab8) 
thrown [s\src\hotspot\share\oops\constantPool.cpp, line 873]
Event: 7404.770 Thread 0x0000024973953dd0 Exception <a 'java/lang/NoClassDefFoundError'{0x0000000708f9e118}: liquibase/integration/spring/SpringLiquibase> (0x0000000708f9e118) 
thrown [s\src\hotspot\share\oops\constantPool.cpp, line 873]
Event: 7404.806 Thread 0x0000024973953dd0 Exception <a 'java/io/FileNotFoundException'{0x000000070892c010}> (0x000000070892c010) 
thrown [s\src\hotspot\share\prims\jni.cpp, line 520]
Event: 7404.826 Thread 0x0000024973953dd0 Exception <a 'sun/nio/fs/WindowsException'{0x00000007087a0670}> (0x00000007087a0670) 
thrown [s\src\hotspot\share\prims\jni.cpp, line 520]
Event: 7404.827 Thread 0x0000024973953dd0 Exception <a 'sun/nio/fs/WindowsException'{0x00000007087aef90}> (0x00000007087aef90) 
thrown [s\src\hotspot\share\prims\jni.cpp, line 520]
Event: 7404.827 Thread 0x0000024973953dd0 Exception <a 'sun/nio/fs/WindowsException'{0x00000007087be4c0}> (0x00000007087be4c0) 
thrown [s\src\hotspot\share\prims\jni.cpp, line 520]
Event: 7404.886 Thread 0x0000024973953dd0 Exception <a 'java/io/FileNotFoundException'{0x0000000707f7cd10}> (0x0000000707f7cd10) 
thrown [s\src\hotspot\share\prims\jni.cpp, line 520]

ZGC Phase Switch (0 events):
No events

VM Operations (20 events):
Event: 8190.641 Executing VM operation: Cleanup
Event: 8190.641 Executing VM operation: Cleanup done
Event: 8191.311 Executing VM operation: G1CollectForAllocation (G1 Evacuation Pause)
Event: 8191.312 Executing VM operation: G1CollectForAllocation (G1 Evacuation Pause) done
Event: 8191.373 Executing VM operation: G1PauseRemark
Event: 8191.380 Executing VM operation: G1PauseRemark done
Event: 8191.388 Executing VM operation: G1PauseCleanup
Event: 8191.388 Executing VM operation: G1PauseCleanup done
Event: 8192.389 Executing VM operation: Cleanup
Event: 8192.389 Executing VM operation: Cleanup done
Event: 8192.903 Executing VM operation: G1CollectForAllocation (G1 Evacuation Pause)
Event: 8192.905 Executing VM operation: G1CollectForAllocation (G1 Evacuation Pause) done
Event: 8193.910 Executing VM operation: Cleanup
Event: 8193.910 Executing VM operation: Cleanup done
Event: 8194.285 Executing VM operation: G1CollectForAllocation (G1 Evacuation Pause)
Event: 8194.287 Executing VM operation: G1CollectForAllocation (G1 Evacuation Pause) done
Event: 8194.342 Executing VM operation: G1PauseRemark
Event: 8194.358 Executing VM operation: G1PauseRemark done
Event: 8194.373 Executing VM operation: G1PauseCleanup
Event: 8194.373 Executing VM operation: G1PauseCleanup done

Memory protections (0 events):
No events

Nmethod flushes (20 events):
Event: 8194.357 Thread 0x000002496c8f8660 flushing  nmethod 0x0000024957043d90
Event: 8194.357 Thread 0x000002496c8f8660 flushing  nmethod 0x0000024957048d10
Event: 8194.357 Thread 0x000002496c8f8660 flushing  nmethod 0x0000024956142c90
Event: 8194.357 Thread 0x000002496c8f8660 flushing  nmethod 0x0000024956144810
Event: 8194.357 Thread 0x000002496c8f8660 flushing  nmethod 0x0000024956144c90
Event: 8194.357 Thread 0x000002496c8f8660 flushing  nmethod 0x0000024956157890
Event: 8194.357 Thread 0x000002496c8f8660 flushing  nmethod 0x0000024956557d10
Event: 8194.357 Thread 0x000002496c8f8660 flushing  nmethod 0x0000024956982910
Event: 8194.357 Thread 0x000002496c8f8660 flushing  nmethod 0x000002495698c310
Event: 8194.357 Thread 0x000002496c8f8660 flushing  nmethod 0x0000024956c72b10
Event: 8194.357 Thread 0x000002496c8f8660 flushing  nmethod 0x0000024956c91790
Event: 8194.357 Thread 0x000002496c8f8660 flushing  nmethod 0x00000249571e2510
Event: 8194.357 Thread 0x000002496c8f8660 flushing  nmethod 0x00000249571ec790
Event: 8194.357 Thread 0x000002496c8f8660 flushing  nmethod 0x000002495721c790
Event: 8194.357 Thread 0x000002496c8f8660 flushing  nmethod 0x0000024956500090
Event: 8194.357 Thread 0x000002496c8f8660 flushing  nmethod 0x00000249567c6190
Event: 8194.357 Thread 0x000002496c8f8660 flushing  nmethod 0x00000249567d6110
Event: 8194.357 Thread 0x000002496c8f8660 flushing  nmethod 0x0000024956bf7410
Event: 8194.357 Thread 0x000002496c8f8660 flushing  nmethod 0x0000024956d26090
Event: 8194.357 Thread 0x000002496c8f8660 flushing  nmethod 0x00000249572eb090

Events (20 events):
Event: 7405.071 Thread 0x0000024973953dd0 Thread added: 0x0000024973950fe0
Event: 7405.071 Thread 0x0000024973953dd0 Thread added: 0x00000249746a9af0
Event: 7405.071 Thread 0x0000024973953dd0 Thread added: 0x00000249746aa180
Event: 7405.071 Thread 0x0000024973953dd0 Thread added: 0x00000249746aa810
Event: 7405.071 Thread 0x0000024973953dd0 Thread added: 0x00000249746acf70
Event: 7405.071 Thread 0x0000024973953dd0 Thread added: 0x00000249746aaea0
Event: 7405.071 Thread 0x0000024973953dd0 Thread added: 0x00000249746adc90
Event: 7405.072 Thread 0x0000024973953dd0 Thread added: 0x00000249746ab530
Event: 7405.072 Thread 0x0000024973953dd0 Thread added: 0x00000249746abbc0
Event: 7405.072 Thread 0x0000024973953dd0 Thread added: 0x00000249746ae9b0
Event: 7405.074 Thread 0x0000024973953dd0 Thread added: 0x00000249746af6d0
Event: 7405.074 Thread 0x0000024973953dd0 Thread added: 0x00000249746a8740
Event: 7405.078 Thread 0x0000024973953dd0 Thread added: 0x00000249746a8dd0
Event: 7405.080 Thread 0x0000024973953dd0 Thread exited: 0x0000024973953dd0
Event: 7405.081 Thread 0x0000024973957f70 Thread exited: 0x0000024973957f70
Event: 7410.091 Thread 0x0000024975cc9470 Thread exited: 0x0000024975cc9470
Event: 7425.636 Thread 0x000002496c91e720 Thread added: 0x0000024975cc3be0
Event: 7427.957 Thread 0x0000024975cc3be0 Thread exited: 0x0000024975cc3be0
Event: 8171.460 Thread 0x00000249746af6d0 Thread added: 0x00000249713463a0
Event: 8171.465 Thread 0x00000249746af6d0 Thread added: 0x0000024971345680


Dynamic libraries:
0x00007ff686a10000 - 0x00007ff686a1e000 	C:\Users\ASUS\AppData\Roaming\Code\User\globalStorage\pleiades.java-extension-pack-jdk\java\21\bin\java.exe
0x00007fff61170000 - 0x00007fff61387000 	C:\WINDOWS\SYSTEM32\ntdll.dll
0x00007fff60840000 - 0x00007fff60904000 	C:\WINDOWS\System32\KERNEL32.DLL
0x00007fff5e510000 - 0x00007fff5e8e1000 	C:\WINDOWS\System32\KERNELBASE.dll
0x00007fff5e330000 - 0x00007fff5e441000 	C:\WINDOWS\System32\ucrtbase.dll
0x00007fff50f00000 - 0x00007fff50f1e000 	C:\Users\ASUS\AppData\Roaming\Code\User\globalStorage\pleiades.java-extension-pack-jdk\java\21\bin\VCRUNTIME140.dll
0x00007fff49470000 - 0x00007fff49488000 	C:\Users\ASUS\AppData\Roaming\Code\User\globalStorage\pleiades.java-extension-pack-jdk\java\21\bin\jli.dll
0x00007fff60910000 - 0x00007fff60ac1000 	C:\WINDOWS\System32\USER32.dll
0x00007fff5ecd0000 - 0x00007fff5ecf6000 	C:\WINDOWS\System32\win32u.dll
0x00007fff488a0000 - 0x00007fff48b32000 	C:\WINDOWS\WinSxS\amd64_microsoft.windows.common-controls_6595b64144ccf1df_6.0.22621.4830_none_270fe7d773858e80\COMCTL32.dll
0x00007fff610b0000 - 0x00007fff610d9000 	C:\WINDOWS\System32\GDI32.dll
0x00007fff5eed0000 - 0x00007fff5ef77000 	C:\WINDOWS\System32\msvcrt.dll
0x00007fff5e9a0000 - 0x00007fff5eabb000 	C:\WINDOWS\System32\gdi32full.dll
0x00007fff5ec30000 - 0x00007fff5ecca000 	C:\WINDOWS\System32\msvcp_win.dll
0x00007fff5f9d0000 - 0x00007fff5fa01000 	C:\WINDOWS\System32\IMM32.DLL
0x00007fff58b40000 - 0x00007fff58b4c000 	C:\Users\ASUS\AppData\Roaming\Code\User\globalStorage\pleiades.java-extension-pack-jdk\java\21\bin\vcruntime140_1.dll
0x00007fff3e340000 - 0x00007fff3e3cd000 	C:\Users\ASUS\AppData\Roaming\Code\User\globalStorage\pleiades.java-extension-pack-jdk\java\21\bin\msvcp140.dll
0x00007ffec1dc0000 - 0x00007ffec2b50000 	C:\Users\ASUS\AppData\Roaming\Code\User\globalStorage\pleiades.java-extension-pack-jdk\java\21\bin\server\jvm.dll
0x00007fff5fa10000 - 0x00007fff5fac1000 	C:\WINDOWS\System32\ADVAPI32.dll
0x00007fff61000000 - 0x00007fff610a7000 	C:\WINDOWS\System32\sechost.dll
0x00007fff5e8f0000 - 0x00007fff5e918000 	C:\WINDOWS\System32\bcrypt.dll
0x00007fff60600000 - 0x00007fff60714000 	C:\WINDOWS\System32\RPCRT4.dll
0x00007fff60370000 - 0x00007fff603e1000 	C:\WINDOWS\System32\WS2_32.dll
0x00007fff57540000 - 0x00007fff57574000 	C:\WINDOWS\SYSTEM32\WINMM.dll
0x00007fff5db40000 - 0x00007fff5db4a000 	C:\WINDOWS\SYSTEM32\VERSION.dll
0x00007fff5d720000 - 0x00007fff5d76d000 	C:\WINDOWS\SYSTEM32\POWRPROF.dll
0x00007fff5d640000 - 0x00007fff5d653000 	C:\WINDOWS\SYSTEM32\UMPDC.dll
0x00007fff5ce80000 - 0x00007fff5ce98000 	C:\WINDOWS\SYSTEM32\kernel.appcore.dll
0x00007fff57820000 - 0x00007fff5782a000 	C:\Users\ASUS\AppData\Roaming\Code\User\globalStorage\pleiades.java-extension-pack-jdk\java\21\bin\jimage.dll
0x00007fff5af10000 - 0x00007fff5b142000 	C:\WINDOWS\SYSTEM32\DBGHELP.DLL
0x00007fff5f170000 - 0x00007fff5f500000 	C:\WINDOWS\System32\combase.dll
0x00007fff5f880000 - 0x00007fff5f957000 	C:\WINDOWS\System32\OLEAUT32.dll
0x00007fff34ca0000 - 0x00007fff34cd2000 	C:\WINDOWS\SYSTEM32\dbgcore.DLL
0x00007fff5e2b0000 - 0x00007fff5e32b000 	C:\WINDOWS\System32\bcryptPrimitives.dll
0x00007fff48510000 - 0x00007fff4852f000 	C:\Users\ASUS\AppData\Roaming\Code\User\globalStorage\pleiades.java-extension-pack-jdk\java\21\bin\java.dll
0x00007fff5fad0000 - 0x00007fff60358000 	C:\WINDOWS\System32\SHELL32.dll
0x00007fff5ed00000 - 0x00007fff5ee3f000 	C:\WINDOWS\System32\wintypes.dll
0x00007fff5bd80000 - 0x00007fff5c68d000 	C:\WINDOWS\SYSTEM32\windows.storage.dll
0x00007fff604e0000 - 0x00007fff605ea000 	C:\WINDOWS\System32\SHCORE.dll
0x00007fff60470000 - 0x00007fff604ce000 	C:\WINDOWS\System32\shlwapi.dll
0x00007fff5e1e0000 - 0x00007fff5e20b000 	C:\WINDOWS\SYSTEM32\profapi.dll
0x00007fff3dbb0000 - 0x00007fff3dc87000 	C:\Users\ASUS\AppData\Roaming\Code\User\globalStorage\pleiades.java-extension-pack-jdk\java\21\bin\jsvml.dll
0x00007fff57790000 - 0x00007fff577a0000 	C:\Users\ASUS\AppData\Roaming\Code\User\globalStorage\pleiades.java-extension-pack-jdk\java\21\bin\net.dll
0x00007fff586c0000 - 0x00007fff587ec000 	C:\WINDOWS\SYSTEM32\WINHTTP.dll
0x00007fff5d350000 - 0x00007fff5d3ba000 	C:\WINDOWS\system32\mswsock.dll
0x00007fff481d0000 - 0x00007fff481e6000 	C:\Users\ASUS\AppData\Roaming\Code\User\globalStorage\pleiades.java-extension-pack-jdk\java\21\bin\nio.dll
0x00007fff480f0000 - 0x00007fff48108000 	C:\Users\ASUS\AppData\Roaming\Code\User\globalStorage\pleiades.java-extension-pack-jdk\java\21\bin\zip.dll
0x00007fff54990000 - 0x00007fff5499a000 	C:\Users\ASUS\AppData\Roaming\Code\User\globalStorage\pleiades.java-extension-pack-jdk\java\21\bin\management.dll
0x00007fff54700000 - 0x00007fff5470b000 	C:\Users\ASUS\AppData\Roaming\Code\User\globalStorage\pleiades.java-extension-pack-jdk\java\21\bin\management_ext.dll
0x00007fff605f0000 - 0x00007fff605f8000 	C:\WINDOWS\System32\PSAPI.DLL
0x00007fff487b0000 - 0x00007fff487be000 	C:\Users\ASUS\AppData\Roaming\Code\User\globalStorage\pleiades.java-extension-pack-jdk\java\21\bin\sunmscapi.dll
0x00007fff5eac0000 - 0x00007fff5ec26000 	C:\WINDOWS\System32\CRYPT32.dll
0x00007fff5d830000 - 0x00007fff5d85d000 	C:\WINDOWS\SYSTEM32\ncrypt.dll
0x00007fff5d7f0000 - 0x00007fff5d827000 	C:\WINDOWS\SYSTEM32\NTASN1.dll
0x00007fff5d5f0000 - 0x00007fff5d60b000 	C:\WINDOWS\SYSTEM32\CRYPTSP.dll
0x00007fff5cde0000 - 0x00007fff5ce17000 	C:\WINDOWS\system32\rsaenh.dll
0x00007fff5d400000 - 0x00007fff5d428000 	C:\WINDOWS\SYSTEM32\USERENV.dll
0x00007fff5d560000 - 0x00007fff5d56c000 	C:\WINDOWS\SYSTEM32\CRYPTBASE.dll
0x00007fff5c8f0000 - 0x00007fff5c91d000 	C:\WINDOWS\SYSTEM32\IPHLPAPI.DLL
0x00007fff60360000 - 0x00007fff60369000 	C:\WINDOWS\System32\NSI.dll
0x00007fff5c960000 - 0x00007fff5ca62000 	C:\WINDOWS\SYSTEM32\DNSAPI.dll
0x00007fff55770000 - 0x00007fff5577a000 	C:\Windows\System32\rasadhlp.dll
0x00007fff56560000 - 0x00007fff565e3000 	C:\WINDOWS\System32\fwpuclnt.dll
0x00007fff545a0000 - 0x00007fff545a9000 	C:\Users\ASUS\AppData\Roaming\Code\User\globalStorage\pleiades.java-extension-pack-jdk\java\21\bin\extnet.dll
0x00007fff547a0000 - 0x00007fff547a8000 	C:\WINDOWS\system32\wshunix.dll
0x00007fff48080000 - 0x00007fff48090000 	C:\Users\ASUS\AppData\Roaming\Code\User\globalStorage\pleiades.java-extension-pack-jdk\java\21\bin\verify.dll

dbghelp: loaded successfully - version: 4.0.5 - missing functions: none
symbol engine: initialized successfully - sym options: 0x614 - pdb path: .;C:\Users\ASUS\AppData\Roaming\Code\User\globalStorage\pleiades.java-extension-pack-jdk\java\21\bin;C:\WINDOWS\SYSTEM32;C:\WINDOWS\WinSxS\amd64_microsoft.windows.common-controls_6595b64144ccf1df_6.0.22621.4830_none_270fe7d773858e80;C:\Users\ASUS\AppData\Roaming\Code\User\globalStorage\pleiades.java-extension-pack-jdk\java\21\bin\server

VM Arguments:
jvm_args: -XX:+ShowCodeDetailsInExceptionMessages 
java_command: dev.fredericoAkira.FtoA.FtoAApplication
java_class_path (initial): D:\Skripsi\Code\BackEnd\FtoA\target\classes;C:\Users\ASUS\.m2\repository\org\springframework\boot\spring-boot-starter-data-mongodb\3.4.2\spring-boot-starter-data-mongodb-3.4.2.jar;C:\Users\ASUS\.m2\repository\org\springframework\boot\spring-boot-starter\3.4.2\spring-boot-starter-3.4.2.jar;C:\Users\ASUS\.m2\repository\org\springframework\boot\spring-boot-starter-logging\3.4.2\spring-boot-starter-logging-3.4.2.jar;C:\Users\ASUS\.m2\repository\ch\qos\logback\logback-classic\1.5.16\logback-classic-1.5.16.jar;C:\Users\ASUS\.m2\repository\ch\qos\logback\logback-core\1.5.16\logback-core-1.5.16.jar;C:\Users\ASUS\.m2\repository\org\apache\logging\log4j\log4j-to-slf4j\2.24.3\log4j-to-slf4j-2.24.3.jar;C:\Users\ASUS\.m2\repository\org\apache\logging\log4j\log4j-api\2.24.3\log4j-api-2.24.3.jar;C:\Users\ASUS\.m2\repository\org\slf4j\jul-to-slf4j\2.0.16\jul-to-slf4j-2.0.16.jar;C:\Users\ASUS\.m2\repository\jakarta\annotation\jakarta.annotation-api\2.1.1\jakarta.annotation-api-2.1.1.jar;C:\Users\ASUS\.m2\repository\org\yaml\snakeyaml\2.3\snakeyaml-2.3.jar;C:\Users\ASUS\.m2\repository\org\mongodb\mongodb-driver-sync\5.2.1\mongodb-driver-sync-5.2.1.jar;C:\Users\ASUS\.m2\repository\org\mongodb\bson\5.2.1\bson-5.2.1.jar;C:\Users\ASUS\.m2\repository\org\mongodb\mongodb-driver-core\5.2.1\mongodb-driver-core-5.2.1.jar;C:\Users\ASUS\.m2\repository\org\mongodb\bson-record-codec\5.2.1\bson-record-codec-5.2.1.jar;C:\Users\ASUS\.m2\repository\org\springframework\data\spring-data-mongodb\4.4.2\spring-data-mongodb-4.4.2.jar;C:\Users\ASUS\.m2\repository\org\springframework\spring-tx\6.2.2\spring-tx-6.2.2.jar;C:\Users\ASUS\.m2\repository\org\springframework\spring-context\6.2.2\spring-context-6.2.2.jar;C:\Users\ASUS\.m2\repository\org\springframework\spring-beans\6.2.2\spring-beans-6.2.2.jar;C:\Users\ASUS\.m2\repository\org\springframework\spring-expression\6.2.2\spring-expression-6.2.2.jar;C:\Users\ASUS\.m2\repository\org\springframework\data\spring-data-commons\3.4.2\spring-data-commons-3.4.2.jar;C:\Users\ASUS\.m2\repository\org\slf4j\slf4j-api\2.0.16\slf4j-api-2.0.16.jar;C:\Users\ASUS\.m2\repository\org\springframework\boot\spring-boot-starter-oauth2-client\3.4.2\spring-boot-starter-oauth2-client-3.4.2.jar;C:\Users\ASUS\.m2\repository\org\springframework\security\spring-security-config\6.4.2\spring-security-config-6.4.2.jar;C:\Users\ASUS\.m2\repository\org\springframework\security\spring-security-core\6.4.2\spring-security-core-6.4.2.jar;C:\Users\ASUS\.m2\repository\org\springframework\security\spring-security-crypto\6.4.2\spring-security-crypto-6.4.2.jar;C:\Users\ASUS\.m2\repository\io\micrometer\micrometer-observation\1.14.3\micrometer-observation-1.14.3.jar;C:\Users\ASUS\.m2\repository\io\micrometer\micrometer-commons\1.14.3\micrometer-commons-1.14.3.jar;C:\Users\ASUS\.m2\repository\org\springframework\security\spring-security-oauth2-client\6.4.2\spring-security-oauth2-client-6.4.2.jar;C:\Users\ASUS\.m2\repository\org\springframework\security\spring-security-oauth2-core\6.4.2\spring-security-oauth2-core-6.4.2.jar;C:\Users\ASUS\.m2\repository\com\nimbusds\oauth2-oidc-sdk\9.43.4\oauth2-oidc-sdk-9.43.4.jar;C:\Users\ASUS\.m2\repository\com\github\stephenc\jcip\jcip-annotations\1.0-1\jcip-annotations-1.0-1.jar;C:\Users\ASUS\.m2\repository\com\nimbusds\content-type\2.2\content-type-2.2.jar;C:\Users\ASUS\.m2\repository\com\nimbusds\lang-tag\1.7\lang-tag-1.7.jar;C:\Users\ASUS\.m2\repository\org\springframework\security\spring-security-oauth2-jose\6.4.2\spring-security-oauth2-jose-6.4.2.jar;C:\Users\ASUS\.m2\repository\com\nimbusds\nimbus-jose-jwt\9.37.3\nimbus-jose-jwt-9.37.3.jar;C:\Users\ASUS\.m2\repository\org\springframework\boot\spring-boot-starter-security\3.4.2\spring-boot-starter-security-3.4.2.jar;C:\Users\ASUS\.m2\repository\org\springframework\spring-aop\6.2.2\spring-aop-6.2.2.jar;C:\Users\ASUS\.m2\repository\org\springframework\security\spring-security-web\6.4.2\spring-security-web-6.4.2.jar;C:\Users\ASUS\.m2\repository\org\springframework\boot\spring-boot-starter-web\3.4.2\spring-boot-starter-web-3.4.2.jar;C:\Users\ASUS\.m2\repository\org\springframework\boot\spring-boot-starter-json\3.4.2\spring-boot-starter-json-3.4.2.jar;C:\Users\ASUS\.m2\repository\com\fasterxml\jackson\datatype\jackson-datatype-jdk8\2.18.2\jackson-datatype-jdk8-2.18.2.jar;C:\Users\ASUS\.m2\repository\com\fasterxml\jackson\datatype\jackson-datatype-jsr310\2.18.2\jackson-datatype-jsr310-2.18.2.jar;C:\Users\ASUS\.m2\repository\com\fasterxml\jackson\module\jackson-module-parameter-names\2.18.2\jackson-module-parameter-names-2.18.2.jar;C:\Users\ASUS\.m2\repository\org\springframework\boot\spring-boot-starter-tomcat\3.4.2\spring-boot-starter-tomcat-3.4.2.jar;C:\Users\ASUS\.m2\repository\org\apache\tomcat\embed\tomcat-embed-core\10.1.34\tomcat-embed-core-10.1.34.jar;C:\Users\ASUS\.m2\repository\org\apache\tomcat\embed\tomcat-embed-el\10.1.34\tomcat-embed-el-10.1.34.jar;C:\Users\ASUS\.m2\repository\org\apache\tomcat\embed\tomcat-embed-websocket\10.1.34\tomcat-embed-websocket-10.1.34.jar;C:\Users\ASUS\.m2\repository\org\springframework\spring-web\6.2.2\spring-web-6.2.2.jar;C:\Users\ASUS\.m2\repository\org\springframework\spring-webmvc\6.2.2\spring-webmvc-6.2.2.jar;C:\Users\ASUS\.m2\repository\org\springframework\boot\spring-boot-devtools\3.4.2\spring-boot-devtools-3.4.2.jar;C:\Users\ASUS\.m2\repository\org\springframework\boot\spring-boot\3.4.2\spring-boot-3.4.2.jar;C:\Users\ASUS\.m2\repository\org\springframework\boot\spring-boot-autoconfigure\3.4.2\spring-boot-autoconfigure-3.4.2.jar;C:\Users\ASUS\.m2\repository\org\projectlombok\lombok\1.18.36\lombok-1.18.36.jar;C:\Users\ASUS\.m2\repository\net\minidev\json-smart\2.5.1\json-smart-2.5.1.jar;C:\Users\ASUS\.m2\repository\net\minidev\accessors-smart\2.5.1\accessors-smart-2.5.1.jar;C:\Users\ASUS\.m2\repository\org\ow2\asm\asm\9.6\asm-9.6.jar;C:\Users\ASUS\.m2\repository\org\springframework\spring-core\6.2.2\spring-core-6.2.2.jar;C:\Users\ASUS\.m2\repository\org\springframework\spring-jcl\6.2.2\spring-jcl-6.2.2.jar;C:\Users\ASUS\.m2\repository\io\jsonwebtoken\jjwt-api\0.12.6\jjwt-api-0.12.6.jar;C:\Users\ASUS\.m2\repository\io\jsonwebtoken\jjwt-impl\0.12.6\jjwt-impl-0.12.6.jar;C:\Users\ASUS\.m2\repository\io\jsonwebtoken\jjwt-jackson\0.12.6\jjwt-jackson-0.12.6.jar;C:\Users\ASUS\.m2\repository\com\fasterxml\jackson\core\jackson-databind\2.18.2\jackson-databind-2.18.2.jar;C:\Users\ASUS\.m2\repository\com\fasterxml\jackson\core\jackson-annotations\2.18.2\jackson-annotations-2.18.2.jar;C:\Users\ASUS\.m2\repository\com\fasterxml\jackson\core\jackson-core\2.18.2\jackson-core-2.18.2.jar;C:\Users\ASUS\.m2\repository\jakarta\validation\jakarta.validation-api\3.1.1\jakarta.validation-api-3.1.1.jar;C:\Users\ASUS\.m2\repository\org\hibernate\validator\hibernate-validator\8.0.2.Final\hibernate-validator-8.0.2.Final.jar;C:\Users\ASUS\.m2\repository\org\jboss\logging\jboss-logging\3.6.1.Final\jboss-logging-3.6.1.Final.jar;C:\Users\ASUS\.m2\repository\com\fasterxml\classmate\1.7.0\classmate-1.7.0.jar;C:\Users\ASUS\.m2\repository\org\springframework\boot\spring-boot-configuration-processor\3.4.2\spring-boot-configuration-processor-3.4.2.jar;C:\Users\ASUS\.m2\repository\com\cloudinary\cloudinary-http44\1.37.0\cloudinary-http44-1.37.0.jar;C:\Users\ASUS\.m2\repository\com\cloudinary\cloudinary-core\1.37.0\cloudinary-core-1.37.0.jar;C:\Users\ASUS\.m2\repository\org\apache\commons\commons-lang3\3.17.0\commons-lang3-3.17.0.jar;C:\Users\ASUS\.m2\repository\org\apache\httpcomponents\httpclient\4.4\httpclient-4.4.jar;C:\Users\ASUS\.m2\repository\org\apache\httpcomponents\httpcore\4.4.16\httpcore-4.4.16.jar;C:\Users\ASUS\.m2\repository\commons-logging\commons-logging\1.2\commons-logging-1.2.jar;C:\Users\ASUS\.m2\repository\commons-codec\commons-codec\1.17.2\commons-codec-1.17.2.jar;C:\Users\ASUS\.m2\repository\org\apache\httpcomponents\httpmime\4.4\httpmime-4.4.jar
Launcher Type: SUN_STANDARD

[Global flags]
     intx CICompilerCount                          = 4                                         {product} {ergonomic}
     uint ConcGCThreads                            = 2                                         {product} {ergonomic}
     uint G1ConcRefinementThreads                  = 8                                         {product} {ergonomic}
   size_t G1HeapRegionSize                         = 2097152                                   {product} {ergonomic}
    uintx GCDrainStackTargetSize                   = 64                                        {product} {ergonomic}
   size_t InitialHeapSize                          = 264241152                                 {product} {ergonomic}
   size_t MarkStackSize                            = 4194304                                   {product} {ergonomic}
   size_t MaxHeapSize                              = 4213178368                                {product} {ergonomic}
   size_t MaxNewSize                               = 2527068160                                {product} {ergonomic}
   size_t MinHeapDeltaBytes                        = 2097152                                   {product} {ergonomic}
   size_t MinHeapSize                              = 8388608                                   {product} {ergonomic}
    uintx NonNMethodCodeHeapSize                   = 5839372                                {pd product} {ergonomic}
    uintx NonProfiledCodeHeapSize                  = 122909434                              {pd product} {ergonomic}
    uintx ProfiledCodeHeapSize                     = 122909434                              {pd product} {ergonomic}
    uintx ReservedCodeCacheSize                    = 251658240                              {pd product} {ergonomic}
     bool SegmentedCodeCache                       = true                                      {product} {ergonomic}
     bool ShowCodeDetailsInExceptionMessages       = true                                   {manageable} {command line}
   size_t SoftMaxHeapSize                          = 4213178368                             {manageable} {ergonomic}
     bool UseCompressedOops                        = true                           {product lp64_product} {ergonomic}
     bool UseG1GC                                  = true                                      {product} {ergonomic}
     bool UseLargePagesIndividualAllocation        = false                                  {pd product} {ergonomic}

Logging:
Log output configuration:
 #0: stdout all=warning uptime,level,tags foldmultilines=false
 #1: stderr all=off uptime,level,tags foldmultilines=false

Environment Variables:
JAVA_HOME=C:\Program Files\Java\jdk1.8.0_202
PATH=C:\Users\ASUS\AppData\Roaming\Code\User\globalStorage\pleiades.java-extension-pack-jdk\gradle\latest\bin;C:\Users\ASUS\AppData\Roaming\Code\User\globalStorage\pleiades.java-extension-pack-jdk\maven\latest\bin;C:\Program Files\Java\jdk1.8.0_202\bin;C:\Program Files\Java\jdk-21\bin;C:\Program Files (x86)\Common Files\Oracle\Java\javapath;C:\Program Files\Python310\Scripts\;C:\Program Files\Python310\;C:\Windows\system32;C:\Windows;C:\Windows\System32\Wbem;C:\Windows\System32\WindowsPowerShell\v1.0\;C:\Windows\System32\OpenSSH\;C:\Program Files (x86)\NVIDIA Corporation\PhysX\Common;C:\Program Files\NVIDIA Corporation\NVIDIA NvDLISR;C:\Program Files\Microsoft SQL Server\Client SDK\ODBC\170\Tools\Binn\;C:\Program Files (x86)\Microsoft SQL Server\150\Tools\Binn\;C:\Program Files\Microsoft SQL Server\150\Tools\Binn\;C:\Program Files\Microsoft SQL Server\150\DTS\Binn\;C:\Program Files\dotnet\;C:\WINDOWS\system32;C:\WINDOWS;C:\WINDOWS\System32\Wbem;C:\WINDOWS\System32\OpenSSH\;C:\WINDOWS\System32\WindowsPowerShell\v1.0\;D:\Git\cmd;C:\xampp\php;C:\ProgramData\ComposerSetup\bin;C:\Program Files\MySQL\MySQL Server 8.0\bin;C:\Users\ASUS\AppData\Roaming\nvm;C:\Program Files\nodejs;C:\Program Files\Apache\apache-maven-3.6.3\bin;C:\Users\ASUS\AppData\Roaming\npm;C:\Program Files\Java\jdk1.8.0_202\bin;C:\Users\ASUS\AppData\Roaming\nvm;C:\Program Files\nodejs;C:\Users\ASUS\AppData\Roaming\npm;D:\Microsoft VS Code\bin;C:\Users\ASUS\AppData\Local\GitHubDesktop\bin
USERNAME=ASUS
LANG=en_US.UTF-8
OS=Windows_NT
PROCESSOR_IDENTIFIER=Intel64 Family 6 Model 140 Stepping 1, GenuineIntel
TMP=C:\Users\ASUS\AppData\Local\Temp
TEMP=C:\Users\ASUS\AppData\Local\Temp




Periodic native trim disabled

---------------  S Y S T E M  ---------------

OS:
 Windows 11 , 64 bit Build 22621 (10.0.22621.4974)
OS uptime: 27 days 22:31 hours
Hyper-V role detected

CPU: total 8 (initial active 8) (4 cores per cpu, 2 threads per core) family 6 model 140 stepping 1 microcode 0x6e, cx8, cmov, fxsr, ht, mmx, 3dnowpref, sse, sse2, sse3, ssse3, sse4.1, sse4.2, popcnt, lzcnt, tsc, tscinvbit, avx, avx2, aes, erms, clmul, bmi1, bmi2, adx, avx512f, avx512dq, avx512cd, avx512bw, avx512vl, sha, fma, vzeroupper, avx512_vpopcntdq, avx512_vpclmulqdq, avx512_vaes, avx512_vnni, clflush, clflushopt, clwb, avx512_vbmi2, avx512_vbmi, hv, rdtscp, rdpid, fsrm, gfni, avx512_bitalg, f16c, cet_ibt, cet_ss, avx512_ifma
Processor Information for the first 8 processors :
  Max Mhz: 2419, Current Mhz: 2419, Mhz Limit: 2419

Memory: 4k page, system-wide physical 16065M (204M free)
TotalPageFile size 46430M (AvailPageFile size 4M)
current process WorkingSet (physical memory assigned to process): 289M, peak: 294M
current process commit charge ("private bytes"): 344M, peak: 395M

vm_info: OpenJDK 64-Bit Server VM (21.0.6+7-LTS) for windows-amd64 JRE (21.0.6+7-LTS), built on 2025-01-21T00:00:00Z by "admin" with MS VC++ 17.7 (VS2022)

END.
